
  
                 █████╗ ███╗   ███╗███████╗███████╗████████╗
                ██╔══██╗████╗ ████║██╔════╝██╔════╝╚══██╔══╝
                ███████║██╔████╔██║███████╗█████╗     ██║   
                ██╔══██║██║╚██╔╝██║╚════██║██╔══╝     ██║   
                ██║  ██║██║ ╚═╝ ██║███████║███████╗   ██║   
                ╚═╝  ╚═╝╚═╝     ╚═╝╚══════╝╚══════╝   ╚═╝   
                
                                                    v0.1.0
                                               
      A. Ganose, A. Faghaninia, J. Park, F. Ricci, R. Woods-Robinson,
      J. Frost,  K. Persson, G. Hautier, A. Jain, in prep.
      
  
  amset starting on 07 Jun 2019 at 13:46

  
  ~~~~~~~~~~~~~~~~~~~~~~~~~~~~~ SETTINGS ~~~~~~~~~~~~~~~~~~~~~~~~~~~~

  Run parameters:
    ├── doping: 3e+13
    ├── temperatures: 201, 290, 300, 401, 506, 605, 789, 994
    ├── interpolation_factor: 350
    ├── scattering_type: auto
    ├── soc: False
    └── bandgap: 1.33

  Performance parameters:
    ├── energy_tol: 0.005
    ├── energy_cutoff: 1.5
    ├── g_tol: 1e-05
    ├── max_g_iter: 1
    ├── dos_estep: 0.001
    ├── dos_width: None
    ├── symprec: 0.01
    └── nworkers: -1

  Output parameters:
    ├── calculate_mobility: True
    ├── separate_scattering_mobilities: True
    ├── file_format: json
    ├── log_traceback: True
    ├── write_input: True
    └── write_mesh: False

  Material properties:
    ├── high_frequency_dielectric: 10.32
    ├── static_dielectric: 12.18
    ├── elastic_constant: 139.7
    ├── acceptor_charge: 1
    ├── donor_charge: 1
    ├── pop_frequency: 8.16
    └── deformation_potential: (8.6, 8.6)

  
  ~~~~~~~~~~~~~~~~~~~~~~~~~~~~ STRUCTURE ~~~~~~~~~~~~~~~~~~~~~~~~~~~~

  Structure information:
    ├── formula: GaAs
    ├── # sites: 2
    └── space group: F̅43m

  Lattice:
    ├── a, b, c [Å]: 4.07, 4.07, 4.07
    └── α, β, γ [°]: 60, 60, 60

  
  ~~~~~~~~~~~~~~~~~~~~~~~~~~ BAND STRUCTURE ~~~~~~~~~~~~~~~~~~~~~~~~~

  Input band structure information:
    ├── # bands: 64
    ├── # k-points: 165
    ├── Fermi level: 2.776 eV
    ├── spin polarized: False
    └── metallic: False

  Band gap:
    ├── direct band gap: 0.190 eV
    └── direct k-point: [0.00, 0.00, 0.00]

  
  Valence band maximum:
    ├── energy: 2.674 eV
    ├── k-point: [0.00, 0.00, 0.00]
    └── band indices: 7, 8, 9

  
  Conduction band minimum:
    ├── energy: 2.864 eV
    ├── k-point: [0.00, 0.00, 0.00]
    └── band indices: 10

  
  ~~~~~~~~~~~~~~~~~~~~~~~~~~ INTERPOLATION ~~~~~~~~~~~~~~~~~~~~~~~~~~

  Getting band interpolation coefficients
    └── time: 15.8702 s

  Getting projection interpolation coefficients
    └── time: 41.7044 s

  Interpolation parameters:
    ├── k-point mesh: 191x191x191
    └── energy cutoff: 1.5 eV

  Interpolating spin-up bands 7-10
    └── time: 36.6063 s

  Bandgap set to 1.330 eV, automatically scissoring by 1.140 eV

  Interpolating spin-up projections
    └── time: 68.5438 s

  
  ~~~~~~~~~~~~~~~~~~~~~~~~~~~~~~~ DOS ~~~~~~~~~~~~~~~~~~~~~~~~~~~~~~~

  DOS parameters:
    ├── emin: -4.47 eV
    ├── emax: 7.68 eV
    └── broadening width: None eV

  Intrinsic DOS Fermi level: 2.7694

  DOS contains 3.000 electrons

  Calculated Fermi levels:
    ├── 3e+13 cm⁻³ & 201 K: 3.2949 eV
    ├── 3e+13 cm⁻³ & 290 K: 3.2185 eV
    ├── 3e+13 cm⁻³ & 300 K: 3.2097 eV
    ├── 3e+13 cm⁻³ & 401 K: 3.1178 eV
    ├── 3e+13 cm⁻³ & 506 K: 3.0183 eV
    ├── 3e+13 cm⁻³ & 605 K: 2.9379 eV
    ├── 3e+13 cm⁻³ & 789 K: 2.9462 eV
    └── 3e+13 cm⁻³ & 994 K: 2.9882 eV

  
  ~~~~~~~~~~~~~~~~~~~~~~~~~~~~ SCATTERING ~~~~~~~~~~~~~~~~~~~~~~~~~~~

  Examining material properties to determine possible scattering 
  mechanisms

  The following scattering mechanisms will be calculated: ACD, IMP, 
  POP

  Initializing IMP scattering

  Inverse screening length (β) and impurity concentration (Nᵢᵢ):
    ├── 3e+13 cm⁻³ & 201 K: β² = 2.573e-06, Nᵢᵢ = 3e+13
    ├── 3e+13 cm⁻³ & 290 K: β² = 1.783e-06, Nᵢᵢ = 3e+13
    ├── 3e+13 cm⁻³ & 300 K: β² = 1.724e-06, Nᵢᵢ = 3e+13
    ├── 3e+13 cm⁻³ & 401 K: β² = 1.29e-06, Nᵢᵢ = 3e+13
    ├── 3e+13 cm⁻³ & 506 K: β² = 1.026e-06, Nᵢᵢ = 3.012e+13
    ├── 3e+13 cm⁻³ & 605 K: β² = 1.506e-06, Nᵢᵢ = 5.285e+13
    ├── 3e+13 cm⁻³ & 789 K: β² = 2.913e-05, Nᵢᵢ = 1.333e+15
    └── 3e+13 cm⁻³ & 994 K: β² = 0.0002596, Nᵢᵢ = 1.498e+16

  Initializing POP scattering

  Scattering information:
    ├── energy tolerance: 0.005 eV
    ├── # k-points: 152096
    └── batch size: 100

  Calculating rates for spin-up band 1
    ├── max rate: 4.191e+24
    ├── min rate: 2.201e+07
    └── time: 33.4006 s

  Calculating rates for spin-up band 2
    ├── max rate: 4.191e+24
    ├── min rate: 6.316e+08
    └── time: 45.1021 s

  Calculating rates for spin-up band 3
    ├── max rate: 4.191e+24
    ├── min rate: 3.73e+08
    └── time: 294.8690 s

  Calculating rates for spin-up band 4
    ├── max rate: 4.191e+24
    ├── min rate: 7.453e+07
    └── time: 27.7997 s

  
  ~~~~~~~~~~~~~~~~~~~~~~~~~~~~ TRANSPORT ~~~~~~~~~~~~~~~~~~~~~~~~~~~~

  Calculating conductivity, Seebeck, and electronic thermal 
  conductivity tensors.
    └── time: 63.8944 s

  Calculating overall mobility
    └── time: 9.6796 s

  Calculating individual scattering rate mobilities
    └── time: 22.8472 s

  
  ~~~~~~~~~~~~~~~~~~~~~~~~~~~~~ RESULTS ~~~~~~~~~~~~~~~~~~~~~~~~~~~~~

  Average conductivity (σ), Seebeck (S) and mobility (μ) results:

    conc [cm⁻³]    temp [K]    σ [S/m]    S [µV/K]    μ [cm²/Vs]
  -------------  ----------  ---------  ----------  ------------
          3e+13       201.0          6      -9e+44       12311.5
          3e+13       290.0        4.4    -9.5e+38        9207.0
          3e+13       300.0        4.3    -9.6e+32        8916.8
          3e+13       401.0        3.2    -9.9e+26        6583.7
          3e+13       506.0        2.4      -1e+21        5002.3
          3e+13       605.0        2.7      -1e+15        3988.0
          3e+13       789.0         31    -7.5e+08        2737.4
          3e+13       994.0    2.2e+02    -5.8e+02        1726.9

  Mobility breakdown by scattering mechanism, in cm²/Vs:

    conc [cm⁻³]    temp [K]      ACD      IMP      POP
  -------------  ----------  -------  -------  -------
          3e+13       201.0  5.9e+05  2.4e+07  1.3e+04
          3e+13       290.0  3.2e+05  2.7e+07  9.8e+03
          3e+13       300.0    3e+05  2.7e+07  9.5e+03
          3e+13       401.0  1.8e+05  2.9e+07  7.1e+03
          3e+13       506.0  1.2e+05  2.9e+07  5.5e+03
          3e+13       605.0  8.7e+04  1.6e+07  4.4e+03
          3e+13       789.0  5.3e+04  6.3e+05  3.1e+03
          3e+13       994.0  3.2e+04  5.3e+04  2.2e+03

  Writing results to /Users/alexganose/dev/src/amset/examples/GaAs

  
  ~~~~~~~~~~~~~~~~~~~~~~~~~~~~~~~ END ~~~~~~~~~~~~~~~~~~~~~~~~~~~~~~~

  Timing and memory usage:
    ├── interpolation time: 151.3136 s
    ├── scattering time: 420.9371 s
    ├── transport time: 96.4660 s
    ├── writing time: 0.0675 s
    ├── total time: 720.0634 s
    └── max memory: 10079.0 MB

  amset exiting on 07 Jun 2019 at 13:58
