
  
                 █████╗ ███╗   ███╗███████╗███████╗████████╗
                ██╔══██╗████╗ ████║██╔════╝██╔════╝╚══██╔══╝
                ███████║██╔████╔██║███████╗█████╗     ██║
                ██╔══██║██║╚██╔╝██║╚════██║██╔══╝     ██║
                ██║  ██║██║ ╚═╝ ██║███████║███████╗   ██║
                ╚═╝  ╚═╝╚═╝     ╚═╝╚══════╝╚══════╝   ╚═╝
  
                                                    v0.1.0
  
      A. Ganose, J. Park, A. Faghaninia, R. Woods-Robinson,
      K. Persson, A. Jain, in prep.
  
  
  amset starting on 22 Jun 2020 at 13:56

  
  ~~~~~~~~~~~~~~~~~~~~~~~~~~~~~ SETTINGS ~~~~~~~~~~~~~~~~~~~~~~~~~~~~

  Run parameters:
    ├── scattering_type: auto
    ├── doping: [-3.e+13]
    ├── temperatures: [201 290 401 506 605 789 994]
    ├── bandgap: 1.33
    ├── soc: False
    ├── interpolation_factor: 50
    ├── high_frequency_dielectric: 
    │   [[ 10.32   0.00   0.00]
    │    [  0.00  10.32   0.00]
    │    [  0.00   0.00  10.32]]
    ├── static_dielectric: 
    │   [[ 12.18   0.00   0.00]
    │    [  0.00  12.18   0.00]
    │    [  0.00   0.00  12.18]]
    ├── elastic_constant: 139.7
    ├── deformation_potential: (8.6, 8.6)
    ├── acceptor_charge: 1
    ├── donor_charge: 1
    ├── pop_frequency: 8.16
    ├── energy_cutoff: 1.5
    ├── fd_tol: 0.05
    ├── dos_estep: 0.01
    ├── symprec: 0.01
    ├── nworkers: -1
    ├── calculate_mobility: True
    ├── separate_mobility: True
    ├── mobility_rates_only: True
    ├── file_format: json
    ├── write_input: False
    ├── write_mesh: False
    ├── print_log: True
    └── write_log: True

  
  ~~~~~~~~~~~~~~~~~~~~~~~~~~~~ STRUCTURE ~~~~~~~~~~~~~~~~~~~~~~~~~~~~

  Structure information:
    ├── formula: GaAs
    ├── # sites: 2
    └── space group: F4̅3m

  Lattice:
    ├── a, b, c [Å]: 4.07, 4.07, 4.07
    └── α, β, γ [°]: 60, 60, 60

  
  ~~~~~~~~~~~~~~~~~~~~~~~~~~ BAND STRUCTURE ~~~~~~~~~~~~~~~~~~~~~~~~~

  Input band structure information:
    ├── # bands: 64
    ├── # k-points: 165
    ├── Fermi level: 2.776 eV
    ├── spin polarized: False
    └── metallic: False

  Band gap:
    ├── direct band gap: 0.190 eV
    └── direct k-point: [0.00, 0.00, 0.00]

  Valence band maximum:
    ├── energy: 2.674 eV
    ├── k-point: [0.00, 0.00, 0.00]
    └── band indices: 7, 8, 9

  Conduction band minimum:
    ├── energy: 2.864 eV
    ├── k-point: [0.00, 0.00, 0.00]
    └── band indices: 10

  
  ~~~~~~~~~~~~~~~~~~~~~~~~~~ INTERPOLATION ~~~~~~~~~~~~~~~~~~~~~~~~~~

  Getting band interpolation coefficients
    └── time: 2.3727 s

  Interpolation parameters:
    ├── k-point mesh: 99x99x99
    └── energy cutoff: 1.5 eV

  Interpolating spin-up bands 7-10
    └── time: 16.0750 s

  Bandgap set to 1.330 eV, automatically scissoring by 1.140 eV

  Generating tetrahedron mesh
    └── time: 43.9935 s

  Initializing momentum relaxation time factor calculator

  Initializing orbital overlap calculator

  
  ~~~~~~~~~~~~~~~~~~~~~~~~~~~~~~~ DOS ~~~~~~~~~~~~~~~~~~~~~~~~~~~~~~~

  DOS parameters:
    ├── emin: -4.47 eV
    ├── emax: 7.67 eV
    ├── dos weight: 2
    └── n points: 1214

  Generating tetrahedral DOS:
    └── time: 9.5190 s

  Intrinsic DOS Fermi level: 2.7694 eV

  DOS contains 6.003 electrons

  Calculated Fermi levels:

    conc [cm⁻³]    temp [K]    E_fermi [eV]
  -------------  ----------  --------------
      -3.00e+13       201.0          3.3065
      -3.00e+13       290.0          3.2298
      -3.00e+13       401.0          3.1286
      -3.00e+13       506.0          3.0287
      -3.00e+13       605.0          2.9456
      -3.00e+13       789.0          2.9502
      -3.00e+13       994.0          2.9917

  Calculated Fermi–Dirac cut-offs:
    ├── min: 2.736 eV
    └── max: 4.232 eV

  
  ~~~~~~~~~~~~~~~~~~~~~~~~~~~~ SCATTERING ~~~~~~~~~~~~~~~~~~~~~~~~~~~

  Examining material properties to determine possible scattering 
  mechanisms

  Scattering mechanisms to be calculated: ADP, IMP, POP

  Inverse screening length (β) and impurity concentration (Nᵢᵢ):

    conc [cm⁻³]    temp [K]    β² [a₀⁻²]    Nᵢᵢ [cm⁻³]
  -------------  ----------  -----------  ------------
      -3.00e+13       201.0     7.20e-09      3.00e+13
      -3.00e+13       290.0     4.99e-09      3.00e+13
      -3.00e+13       401.0     3.61e-09      3.00e+13
      -3.00e+13       506.0     2.87e-09      3.01e+13
      -3.00e+13       605.0     3.92e-09      4.91e+13
      -3.00e+13       789.0     7.52e-08      1.23e+15
      -3.00e+13       994.0     6.85e-07      1.41e+16

  Initializing POP scattering
    ├── average N_po: 0.9573
    ├── ω_po: 51.27 2π THz
    └── ħω: 0.0337 eV

  Scattering information:
    └── # ir k-points: 22100

  Calculating rates for spin-up band 1
    ├── # k-points within Fermi–Dirac cut-offs: 0
    └── time: 0.4770 s

  Calculating rates for spin-up band 2
    ├── # k-points within Fermi–Dirac cut-offs: 0
    └── time: 0.4893 s

  Calculating rates for spin-up band 3
    ├── # k-points within Fermi–Dirac cut-offs: 0
    └── time: 0.5033 s

  Calculating rates for spin-up band 4
    ├── # k-points within Fermi–Dirac cut-offs: 5119
    └── time: 55.6484 s

  Interpolating missing scattering rates
    └── time: 0.1340 s

  Filling scattering rates [s⁻¹] outside FD cutoffs with:

    conc [cm⁻³]    temp [K]       ADP       IMP       POP
  -------------  ----------  --------  --------  --------
      -3.00e+13       201.0  3.06e+12  2.95e+10  6.61e+12
      -3.00e+13       290.0  4.42e+12  3.54e+10  9.24e+12
      -3.00e+13       401.0  6.11e+12  4.17e+10  1.27e+13
      -3.00e+13       506.0  7.71e+12  4.70e+10  1.62e+13
      -3.00e+13       605.0  9.22e+12  6.55e+10  1.94e+13
      -3.00e+13       789.0  1.20e+13  3.74e+11  2.56e+13
      -3.00e+13       994.0  1.52e+13  1.43e+12  3.25e+13

  
  ~~~~~~~~~~~~~~~~~~~~~~~~~~~~ TRANSPORT ~~~~~~~~~~~~~~~~~~~~~~~~~~~~

  Calculating conductivity, Seebeck, and electronic thermal 
  conductivity
    └── time: 23.9614 s

  Calculating overall mobility
    └── time: 19.5201 s

  Calculating individual scattering rate mobilities
    └── time: 57.7112 s

  
  ~~~~~~~~~~~~~~~~~~~~~~~~~~~~~ RESULTS ~~~~~~~~~~~~~~~~~~~~~~~~~~~~~

  Average conductivity (σ), Seebeck (S) and mobility (μ) results:

    conc [cm⁻³]    temp [K]    σ [S/m]    S [µV/K]    μ [cm²/Vs]
  -------------  ----------  ---------  ----------  ------------
      -3.00e+13       201.0   1.60e+01   -8.55e+02       33334.2
      -3.00e+13       290.0   7.29e+00   -9.09e+02       15176.1
      -3.00e+13       401.0   3.88e+00   -9.63e+02        8082.1
      -3.00e+13       506.0   2.57e+00   -1.00e+03        5348.0
      -3.00e+13       605.0   2.52e+00   -9.86e+02        3941.9
      -3.00e+13       789.0   2.58e+01   -7.30e+02        2440.0
      -3.00e+13       994.0   1.88e+02   -5.66e+02        1572.2

  Mobility breakdown by scattering mechanism, in cm²/Vs:

    conc [cm⁻³]    temp [K]       ADP       IMP       POP
  -------------  ----------  --------  --------  --------
      -3.00e+13       201.0  8.49e+05  5.84e+05  4.11e+04
      -3.00e+13       290.0  4.64e+05  6.21e+05  1.71e+04
      -3.00e+13       401.0  2.64e+05  6.78e+05  8.75e+03
      -3.00e+13       506.0  1.74e+05  7.27e+05  5.70e+03
      -3.00e+13       605.0  1.24e+05  6.06e+05  4.20e+03
      -3.00e+13       789.0  7.38e+04  1.32e+05  2.72e+03
      -3.00e+13       994.0  4.50e+04  4.11e+04  1.86e+03

  Results written to:
  /Users/alex/dev/src/amset/examples/GaAs/amset_data_99x99x99.json

  
  ~~~~~~~~~~~~~~~~~~~~~~~~~~~~~~~ END ~~~~~~~~~~~~~~~~~~~~~~~~~~~~~~~

  Timing and memory usage:
    ├── interpolation time: 76.4560 s
    ├── dos time: 13.1723 s
    ├── scattering time: 57.5057 s
    ├── transport time: 101.2053 s
    ├── writing time: 0.0027 s
    ├── total time: 249.5523 s
    └── max memory: 4133.7 MB

  amset exiting on 22 Jun 2020 at 14:00
